[debug] [2019-05-28T05:29:22.003Z] ----------------------------------------------------------------------
[debug] [2019-05-28T05:29:22.006Z] Command:       C:\Program Files\nodejs\node.exe C:\Users\Laboratoria\AppData\Roaming\npm\node_modules\firebase-tools\lib\bin\firebase.js init
[debug] [2019-05-28T05:29:22.006Z] CLI Version:   6.10.0
[debug] [2019-05-28T05:29:22.006Z] Platform:      win32
[debug] [2019-05-28T05:29:22.006Z] Node Version:  v12.2.0
[debug] [2019-05-28T05:29:22.007Z] Time:          Tue May 28 2019 00:29:22 GMT-0500 (GMT-05:00)
[debug] [2019-05-28T05:29:22.007Z] ----------------------------------------------------------------------
[debug] 
[debug] [2019-05-28T05:29:22.018Z] > command requires scopes: ["email","openid","https://www.googleapis.com/auth/cloudplatformprojects.readonly","https://www.googleapis.com/auth/firebase","https://www.googleapis.com/auth/cloud-platform"]
[debug] [2019-05-28T05:29:22.019Z] > authorizing via signed-in user
[info] 
     ######## #### ########  ######## ########     ###     ######  ########
     ##        ##  ##     ## ##       ##     ##  ##   ##  ##       ##
     ######    ##  ########  ######   ########  #########  ######  ######
     ##        ##  ##    ##  ##       ##     ## ##     ##       ## ##
     ##       #### ##     ## ######## ########  ##     ##  ######  ########

You're about to initialize a Firebase project in this directory:

  C:\Users\Laboratoria\Desktop\Proyectos\GDL002-burger-queen\react-ubuntu

[info] 
=== Project Setup
[info] 
[info] First, let's associate this project directory with a Firebase project.
[info] You can create multiple project aliases by running firebase use --add, 
[info] but for now we'll just set up a default project.
[info] 
[debug] [2019-05-28T05:30:23.534Z] > refreshing access token with scopes: ["email","https://www.googleapis.com/auth/cloud-platform","https://www.googleapis.com/auth/cloudplatformprojects.readonly","https://www.googleapis.com/auth/firebase","openid"]
[debug] [2019-05-28T05:30:23.534Z] >>> HTTP REQUEST POST https://www.googleapis.com/oauth2/v3/token  
 <request body omitted>
[debug] [2019-05-28T05:30:23.821Z] <<< HTTP RESPONSE 200
[debug] [2019-05-28T05:30:23.953Z] >>> HTTP REQUEST GET https://firebase.googleapis.com/v1beta1/projects?page_size=100  
 
[debug] [2019-05-28T05:30:24.953Z] <<< HTTP RESPONSE 200
[info] i  Using project burgerqueen-85856 (burgerQueen)
[info] 
=== Database Setup
[info] 
[info] Firebase Realtime Database Rules allow you to define how your data should be
[info] structured and when your data can be read from and written to.
[info] 
[debug] [2019-05-28T05:30:53.179Z] >>> HTTP REQUEST GET https://burgerqueen-85856.firebaseio.com/.settings/rules.json  
 
[debug] [2019-05-28T05:30:53.692Z] <<< HTTP RESPONSE 200
[info] +  Database Rules for burgerqueen-85856 have been downloaded to y.
[info] Future modifications to y will update Database Rules when you run
[info] firebase deploy.
[info] 
=== Firestore Setup
[debug] [2019-05-28T05:30:53.713Z] > command requires scopes: ["email","openid","https://www.googleapis.com/auth/cloudplatformprojects.readonly","https://www.googleapis.com/auth/firebase","https://www.googleapis.com/auth/cloud-platform"]
[debug] [2019-05-28T05:30:53.717Z] > authorizing via signed-in user
[debug] [2019-05-28T05:30:53.719Z] >>> HTTP REQUEST GET https://firebase.googleapis.com/v1beta1/projects/burgerqueen-85856  
 
[debug] [2019-05-28T05:30:54.021Z] <<< HTTP RESPONSE 200
[info] 
[info] Firestore Security Rules allow you to define how and when to allow
[info] requests. You can keep these rules in your project directory
[info] and publish them with firebase deploy.
[info] 
[debug] [2019-05-28T05:31:08.314Z] >>> HTTP REQUEST GET https://firebaserules.googleapis.com/v1/projects/burgerqueen-85856/releases?pageSize=10&pageToken=  
 
[debug] [2019-05-28T05:31:08.548Z] <<< HTTP RESPONSE 200
[debug] [2019-05-28T05:31:08.550Z] Found ruleset: projects/burgerqueen-85856/rulesets/8d74f397-2cb1-4a5d-ac79-fb01ac84d217
[debug] [2019-05-28T05:31:08.552Z] >>> HTTP REQUEST GET https://firebaserules.googleapis.com/v1/projects/burgerqueen-85856/rulesets/8d74f397-2cb1-4a5d-ac79-fb01ac84d217  
 
[debug] [2019-05-28T05:31:08.711Z] <<< HTTP RESPONSE 200
[info] 
[info] Firestore indexes allow you to perform complex queries while
[info] maintaining performance that scales with the size of the result
[info] set. You can keep index definitions in your project directory
[info] and publish them with firebase deploy.
[info] 
[debug] [2019-05-28T05:31:11.234Z] >>> HTTP REQUEST GET https://firestore.googleapis.com/v1beta2/projects/burgerqueen-85856/databases/(default)/collectionGroups/-/indexes  
 
[debug] [2019-05-28T05:31:11.235Z] >>> HTTP REQUEST GET https://firestore.googleapis.com/v1beta2/projects/burgerqueen-85856/databases/(default)/collectionGroups/-/fields?filter=indexConfig.usesAncestorConfig=false  
 
[debug] [2019-05-28T05:31:11.999Z] <<< HTTP RESPONSE 200
[debug] [2019-05-28T05:31:12.001Z] <<< HTTP RESPONSE 200
[info] 
=== Hosting Setup
[info] 
[info] Your public directory is the folder (relative to your project directory) that
[info] will contain Hosting assets to be uploaded with firebase deploy. If you
[info] have a build process for your assets, use your build's output directory.
[info] 
[debug] [2019-05-28T05:31:29.158Z] >>> HTTP REQUEST GET https://www.gstatic.com/firebasejs/releases.json  
 
[debug] [2019-05-28T05:31:29.301Z] <<< HTTP RESPONSE 200
[debug] [2019-05-28T05:31:29.544Z] Error: ENOENT: no such file or directory, open 'C:\Users\Laboratoria\Desktop\Proyectos\GDL002-burger-queen\react-ubuntu\y\index.html'
    at Object.openSync (fs.js:436:3)
    at Object.writeFileSync (fs.js:1229:35)
    at Object.createFileSync (C:\Users\Laboratoria\AppData\Roaming\npm\node_modules\firebase-tools\node_modules\fs-extra\lib\ensure\file.js:34:6)
    at Config.writeProjectFile (C:\Users\Laboratoria\AppData\Roaming\npm\node_modules\firebase-tools\lib\config.js:178:8)
    at C:\Users\Laboratoria\AppData\Roaming\npm\node_modules\firebase-tools\lib\config.js:197:18
    at processTicksAndRejections (internal/process/task_queues.js:89:5)
[error] 
[error] Error: An unexpected error has occurred.
[debug] [2019-05-28T05:31:48.596Z] ----------------------------------------------------------------------
[debug] [2019-05-28T05:31:48.602Z] Command:       C:\Program Files\nodejs\node.exe C:\Users\Laboratoria\AppData\Roaming\npm\node_modules\firebase-tools\lib\bin\firebase.js init
[debug] [2019-05-28T05:31:48.602Z] CLI Version:   6.10.0
[debug] [2019-05-28T05:31:48.602Z] Platform:      win32
[debug] [2019-05-28T05:31:48.602Z] Node Version:  v12.2.0
[debug] [2019-05-28T05:31:48.604Z] Time:          Tue May 28 2019 00:31:48 GMT-0500 (GMT-05:00)
[debug] [2019-05-28T05:31:48.604Z] ----------------------------------------------------------------------
[debug] 
[debug] [2019-05-28T05:31:48.622Z] > command requires scopes: ["email","openid","https://www.googleapis.com/auth/cloudplatformprojects.readonly","https://www.googleapis.com/auth/firebase","https://www.googleapis.com/auth/cloud-platform"]
[debug] [2019-05-28T05:31:48.624Z] > authorizing via signed-in user
[info] 
     ######## #### ########  ######## ########     ###     ######  ########
     ##        ##  ##     ## ##       ##     ##  ##   ##  ##       ##
     ######    ##  ########  ######   ########  #########  ######  ######
     ##        ##  ##    ##  ##       ##     ## ##     ##       ## ##
     ##       #### ##     ## ######## ########  ##     ##  ######  ########

You're about to initialize a Firebase project in this directory:

  C:\Users\Laboratoria\Desktop\Proyectos\GDL002-burger-queen\react-ubuntu

[info] 
=== Project Setup
[info] 
[info] First, let's associate this project directory with a Firebase project.
[info] You can create multiple project aliases by running firebase use --add, 
[info] but for now we'll just set up a default project.
[info] 
[debug] [2019-05-28T05:32:35.318Z] >>> HTTP REQUEST GET https://firebase.googleapis.com/v1beta1/projects?page_size=100  
 
[debug] [2019-05-28T05:32:36.804Z] <<< HTTP RESPONSE 200
[info] i  Using project burgerqueen-85856 (burgerQueen)
[info] 
=== Database Setup
[info] 
[info] Firebase Realtime Database Rules allow you to define how your data should be
[info] structured and when your data can be read from and written to.
[info] 
[debug] [2019-05-28T05:32:44.631Z] >>> HTTP REQUEST GET https://burgerqueen-85856.firebaseio.com/.settings/rules.json  
 
[debug] [2019-05-28T05:32:45.389Z] <<< HTTP RESPONSE 200
[info] +  Database Rules for burgerqueen-85856 have been downloaded to database.rules.json.
[info] Future modifications to database.rules.json will update Database Rules when you run
[info] firebase deploy.
[info] 
=== Hosting Setup
[info] 
[info] Your public directory is the folder (relative to your project directory) that
[info] will contain Hosting assets to be uploaded with firebase deploy. If you
[info] have a build process for your assets, use your build's output directory.
[info] 
[debug] [2019-05-28T05:32:55.520Z] Error: ENOENT: no such file or directory, open 'C:\Users\Laboratoria\Desktop\Proyectos\GDL002-burger-queen\react-ubuntu\y\404.html'
    at Object.openSync (fs.js:436:3)
    at Object.writeFileSync (fs.js:1229:35)
    at Object.createFileSync (C:\Users\Laboratoria\AppData\Roaming\npm\node_modules\firebase-tools\node_modules\fs-extra\lib\ensure\file.js:34:6)
    at Config.writeProjectFile (C:\Users\Laboratoria\AppData\Roaming\npm\node_modules\firebase-tools\lib\config.js:178:8)
    at C:\Users\Laboratoria\AppData\Roaming\npm\node_modules\firebase-tools\lib\config.js:197:18
    at processTicksAndRejections (internal/process/task_queues.js:89:5)
[error] 
[error] Error: An unexpected error has occurred.
[debug] [2019-05-28T05:34:02.926Z] ----------------------------------------------------------------------
[debug] [2019-05-28T05:34:02.930Z] Command:       C:\Program Files\nodejs\node.exe C:\Users\Laboratoria\AppData\Roaming\npm\node_modules\firebase-tools\lib\bin\firebase.js init
[debug] [2019-05-28T05:34:02.930Z] CLI Version:   6.10.0
[debug] [2019-05-28T05:34:02.930Z] Platform:      win32
[debug] [2019-05-28T05:34:02.930Z] Node Version:  v12.2.0
[debug] [2019-05-28T05:34:02.932Z] Time:          Tue May 28 2019 00:34:02 GMT-0500 (GMT-05:00)
[debug] [2019-05-28T05:34:02.932Z] ----------------------------------------------------------------------
[debug] 
[debug] [2019-05-28T05:34:02.946Z] > command requires scopes: ["email","openid","https://www.googleapis.com/auth/cloudplatformprojects.readonly","https://www.googleapis.com/auth/firebase","https://www.googleapis.com/auth/cloud-platform"]
[debug] [2019-05-28T05:34:02.948Z] > authorizing via signed-in user
[info] 
     ######## #### ########  ######## ########     ###     ######  ########
     ##        ##  ##     ## ##       ##     ##  ##   ##  ##       ##
     ######    ##  ########  ######   ########  #########  ######  ######
     ##        ##  ##    ##  ##       ##     ## ##     ##       ## ##
     ##       #### ##     ## ######## ########  ##     ##  ######  ########

You're about to initialize a Firebase project in this directory:

  C:\Users\Laboratoria\Desktop\Proyectos\GDL002-burger-queen\react-ubuntu

[info] 
=== Project Setup
[info] 
[info] First, let's associate this project directory with a Firebase project.
[info] You can create multiple project aliases by running firebase use --add, 
[info] but for now we'll just set up a default project.
[info] 
[debug] [2019-05-28T05:34:20.582Z] >>> HTTP REQUEST GET https://firebase.googleapis.com/v1beta1/projects?page_size=100  
 
[debug] [2019-05-28T05:34:21.243Z] <<< HTTP RESPONSE 200
[info] i  Using project burgerqueen-85856 (burgerQueen)
[info] 
=== Database Setup
[info] 
[info] Firebase Realtime Database Rules allow you to define how your data should be
[info] structured and when your data can be read from and written to.
[info] 
[info] Skipping overwrite of Database Rules.
[info] The rules defined in database.rules.json will be published when you do firebase deploy.
[info] 
=== Firestore Setup
[debug] [2019-05-28T05:34:48.921Z] > command requires scopes: ["email","openid","https://www.googleapis.com/auth/cloudplatformprojects.readonly","https://www.googleapis.com/auth/firebase","https://www.googleapis.com/auth/cloud-platform"]
[debug] [2019-05-28T05:34:48.924Z] > authorizing via signed-in user
[debug] [2019-05-28T05:34:48.925Z] >>> HTTP REQUEST GET https://firebase.googleapis.com/v1beta1/projects/burgerqueen-85856  
 
[debug] [2019-05-28T05:34:49.203Z] <<< HTTP RESPONSE 200
[info] 
[info] Firestore Security Rules allow you to define how and when to allow
[info] requests. You can keep these rules in your project directory
[info] and publish them with firebase deploy.
[info] 
[info] 
[info] Firestore indexes allow you to perform complex queries while
[info] maintaining performance that scales with the size of the result
[info] set. You can keep index definitions in your project directory
[info] and publish them with firebase deploy.
[info] 
[info] 
=== Hosting Setup
[info] 
[info] Your public directory is the folder (relative to your project directory) that
[info] will contain Hosting assets to be uploaded with firebase deploy. If you
[info] have a build process for your assets, use your build's output directory.
[info] 
[debug] [2019-05-28T05:35:24.399Z] Error: ENOENT: no such file or directory, open 'C:\Users\Laboratoria\Desktop\Proyectos\GDL002-burger-queen\react-ubuntu\y\404.html'
    at Object.openSync (fs.js:436:3)
    at Object.writeFileSync (fs.js:1229:35)
    at Object.createFileSync (C:\Users\Laboratoria\AppData\Roaming\npm\node_modules\firebase-tools\node_modules\fs-extra\lib\ensure\file.js:34:6)
    at Config.writeProjectFile (C:\Users\Laboratoria\AppData\Roaming\npm\node_modules\firebase-tools\lib\config.js:178:8)
    at C:\Users\Laboratoria\AppData\Roaming\npm\node_modules\firebase-tools\lib\config.js:197:18
    at processTicksAndRejections (internal/process/task_queues.js:89:5)
[error] 
[error] Error: An unexpected error has occurred.
[debug] [2019-05-28T05:42:14.821Z] ----------------------------------------------------------------------
[debug] [2019-05-28T05:42:14.826Z] Command:       C:\Program Files\nodejs\node.exe C:\Users\Laboratoria\AppData\Roaming\npm\node_modules\firebase-tools\lib\bin\firebase.js init
[debug] [2019-05-28T05:42:14.826Z] CLI Version:   6.10.0
[debug] [2019-05-28T05:42:14.826Z] Platform:      win32
[debug] [2019-05-28T05:42:14.826Z] Node Version:  v12.2.0
[debug] [2019-05-28T05:42:14.828Z] Time:          Tue May 28 2019 00:42:14 GMT-0500 (GMT-05:00)
[debug] [2019-05-28T05:42:14.828Z] ----------------------------------------------------------------------
[debug] 
[debug] [2019-05-28T05:42:14.847Z] > command requires scopes: ["email","openid","https://www.googleapis.com/auth/cloudplatformprojects.readonly","https://www.googleapis.com/auth/firebase","https://www.googleapis.com/auth/cloud-platform"]
[debug] [2019-05-28T05:42:14.849Z] > authorizing via signed-in user
[info] 
     ######## #### ########  ######## ########     ###     ######  ########
     ##        ##  ##     ## ##       ##     ##  ##   ##  ##       ##
     ######    ##  ########  ######   ########  #########  ######  ######
     ##        ##  ##    ##  ##       ##     ## ##     ##       ## ##
     ##       #### ##     ## ######## ########  ##     ##  ######  ########

You're about to initialize a Firebase project in this directory:

  C:\Users\Laboratoria\Desktop\Proyectos\GDL002-burger-queen\react-ubuntu

[info] 
=== Project Setup
[info] 
[info] First, let's associate this project directory with a Firebase project.
[info] You can create multiple project aliases by running firebase use --add, 
[info] but for now we'll just set up a default project.
[info] 
[debug] [2019-05-28T05:42:30.379Z] >>> HTTP REQUEST GET https://firebase.googleapis.com/v1beta1/projects?page_size=100  
 
[debug] [2019-05-28T05:42:31.136Z] <<< HTTP RESPONSE 200
[info] i  Using project burgerqueen-85856 (burgerQueen)
[info] 
=== Database Setup
[info] 
[info] Firebase Realtime Database Rules allow you to define how your data should be
[info] structured and when your data can be read from and written to.
[info] 
[debug] [2019-05-28T05:42:55.209Z] >>> HTTP REQUEST GET https://burgerqueen-85856.firebaseio.com/.settings/rules.json  
 
[debug] [2019-05-28T05:42:56.106Z] <<< HTTP RESPONSE 200
[info] +  Database Rules for burgerqueen-85856 have been downloaded to database.rules.json.
[info] Future modifications to database.rules.json will update Database Rules when you run
[info] firebase deploy.
[info] 
=== Hosting Setup
[info] 
[info] Your public directory is the folder (relative to your project directory) that
[info] will contain Hosting assets to be uploaded with firebase deploy. If you
[info] have a build process for your assets, use your build's output directory.
[info] 
[debug] [2019-05-28T05:43:04.905Z] Error: ENOENT: no such file or directory, open 'C:\Users\Laboratoria\Desktop\Proyectos\GDL002-burger-queen\react-ubuntu\y\404.html'
    at Object.openSync (fs.js:436:3)
    at Object.writeFileSync (fs.js:1229:35)
    at Object.createFileSync (C:\Users\Laboratoria\AppData\Roaming\npm\node_modules\firebase-tools\node_modules\fs-extra\lib\ensure\file.js:34:6)
    at Config.writeProjectFile (C:\Users\Laboratoria\AppData\Roaming\npm\node_modules\firebase-tools\lib\config.js:178:8)
    at C:\Users\Laboratoria\AppData\Roaming\npm\node_modules\firebase-tools\lib\config.js:197:18
    at processTicksAndRejections (internal/process/task_queues.js:89:5)
[error] 
[error] Error: An unexpected error has occurred.
